2022.08.17 16:13:40.846 FillActionsBar
Void FillActionsBar()

2022.08.17 16:13:40.864 AddEventHandlersToFormComponents
Void AddEventHandlersToFormComponents()

2022.08.17 16:13:40.865 AddImageListToTabs
Void AddImageListToTabs()

2022.08.17 16:13:40.870 Выполнен запуск программы

2022.08.17 16:13:41.915 CreateFile_Click
Void CreateFile_Click(System.Object, System.EventArgs)

2022.08.17 16:13:41.916 <CreateFile_Click>g__ShowCreationNewFileWindow|33_0
System.Windows.Forms.DialogResult <CreateFile_Click>g__ShowCreationNewFileWindow|33_0(System.String ByRef)

2022.08.17 16:13:42.480 CreateContextMenuOnRowClick
System.Windows.Forms.ContextMenuStrip CreateContextMenuOnRowClick()

2022.08.17 16:13:42.483 CreateContextMenuOnNewRowClick
System.Windows.Forms.ContextMenuStrip CreateContextMenuOnNewRowClick()

2022.08.17 16:13:42.484 CreateContextMenuOnHeaderClick
System.Windows.Forms.ContextMenuStrip CreateContextMenuOnHeaderClick()

2022.08.17 16:13:42.486 CreateContextMenuOnTabClick
System.Windows.Forms.ContextMenuStrip CreateContextMenuOnTabClick()

2022.08.17 16:13:42.488 CreateNewTabPage
System.Windows.Forms.TabPage CreateNewTabPage(System.String)
3213.csv

2022.08.17 16:13:42.488 CreateUniqueName
System.String CreateUniqueName(System.String)
3213.csv

2022.08.17 16:13:42.491 ChangeProgramMenuAvailability
Void ChangeProgramMenuAvailability(Boolean)
True

2022.08.17 16:13:42.493 ChangeProgramMenuAvailability
Void ChangeProgramMenuAvailability(Boolean, TabInfo)
True, CSV_Redactor.Main_Form+TabInfo

2022.08.17 16:13:42.494 GenColumnNames
System.String[] GenColumnNames(System.String[])
[Empty]

2022.08.17 16:13:42.499 ColumnCountBox_TextChanged
Void ColumnCountBox_TextChanged(System.Object, System.EventArgs)
1

2022.08.17 16:13:42.501 ChangeFormElementsVisibility
Void ChangeFormElementsVisibility(Boolean)
True

2022.08.17 16:13:42.506 ChangeProgramMenuAvailability
Void ChangeProgramMenuAvailability(Boolean, TabInfo)
True, CSV_Redactor.Main_Form+TabInfo

2022.08.17 16:13:42.507 WriteData
Void WriteData(System.Windows.Forms.DataGridView, System.Collections.Generic.List`1[System.Object], Int32)
[Column, 1], 1

2022.08.17 16:13:42.509 <WriteData>g__AddWithEmptyRows|13_1
Void <WriteData>g__AddWithEmptyRows|13_1(<>c__DisplayClass13_0 ByRef, <>c__DisplayClass13_1 ByRef)

2022.08.17 16:13:42.509 ChangeStretchDataGridView
Void ChangeStretchDataGridView(System.Windows.Forms.DataGridView, Boolean)
True

2022.08.17 16:13:43.047 ShowAsTable_Click
Void ShowAsTable_Click(System.Object, System.EventArgs)

2022.08.17 16:13:43.049 WriteData
Void WriteData(System.Windows.Forms.RichTextBox, System.Collections.Generic.List`1[System.Object], Int32)
[Column, 1], 1

2022.08.17 16:13:43.051 <WriteData>g__AddRows|12_0
System.String <WriteData>g__AddRows|12_0(Int32, Int32, System.Object[], TabInfo)
1, 1, [Column, 1], CSV_Redactor.Main_Form+TabInfo

2022.08.17 16:13:43.075 ChangeStretchDataGridView
Void ChangeStretchDataGridView(System.Windows.Forms.DataGridView, Boolean)
True

2022.08.17 16:13:47.336 ShowAsTable_Click
Void ShowAsTable_Click(System.Object, System.EventArgs)

2022.08.17 16:13:47.341 ReadData
System.Collections.Generic.List`1[System.Object] ReadData(System.Windows.Forms.RichTextBox)

2022.08.17 16:13:47.422 GenColumnNames
System.String[] GenColumnNames(System.String[])
[L3fSLVLl5RDeKArWQhtN, pWiiDYvJvcmZL0XRalNR, g2QvbtpMSaNe2upvsXEW, b6aAmbo9EKB8dAeAETcj, 50ByrLlE9ZDBeaq5PJRB]

2022.08.17 16:13:47.461 ColumnCountBox_TextChanged
Void ColumnCountBox_TextChanged(System.Object, System.EventArgs)
5

Первый 241
2022.08.17 16:13:47.580 ReadData1
System.Collections.Generic.List`1[System.Object] ReadData1(System.Windows.Forms.RichTextBox)

2022.08.17 16:13:47.598 GenColumnNames
System.String[] GenColumnNames(System.String[])
[L3fSLVLl5RDeKArWQhtN, pWiiDYvJvcmZL0XRalNR, g2QvbtpMSaNe2upvsXEW, b6aAmbo9EKB8dAeAETcj, 50ByrLlE9ZDBeaq5PJRB]

Первый (улучшенный) 54
2022.08.17 16:13:47.636 ReadData2
System.Collections.Generic.List`1[System.Object] ReadData2(System.Windows.Forms.RichTextBox)

2022.08.17 16:13:47.723 GenColumnNames
System.String[] GenColumnNames(System.String[])
[L3fSLVLl5RDeKArWQhtN,  pWiiDYvJvcmZL0XRalNR,  g2QvbtpMSaNe2upvsXEW,  b6aAmbo9EKB8dAeAETcj,  50ByrLlE9ZDBeaq5PJRB]

Второй 162
