2022.08.17 16:10:34.677 FillActionsBar
Void FillActionsBar()

2022.08.17 16:10:34.692 AddEventHandlersToFormComponents
Void AddEventHandlersToFormComponents()

2022.08.17 16:10:34.693 AddImageListToTabs
Void AddImageListToTabs()

2022.08.17 16:10:34.697 Выполнен запуск программы

2022.08.17 16:10:36.196 CreateFile_Click
Void CreateFile_Click(System.Object, System.EventArgs)

2022.08.17 16:10:36.197 <CreateFile_Click>g__ShowCreationNewFileWindow|33_0
System.Windows.Forms.DialogResult <CreateFile_Click>g__ShowCreationNewFileWindow|33_0(System.String ByRef)

2022.08.17 16:10:36.827 CreateContextMenuOnRowClick
System.Windows.Forms.ContextMenuStrip CreateContextMenuOnRowClick()

2022.08.17 16:10:36.830 CreateContextMenuOnNewRowClick
System.Windows.Forms.ContextMenuStrip CreateContextMenuOnNewRowClick()

2022.08.17 16:10:36.832 CreateContextMenuOnHeaderClick
System.Windows.Forms.ContextMenuStrip CreateContextMenuOnHeaderClick()

2022.08.17 16:10:36.836 CreateContextMenuOnTabClick
System.Windows.Forms.ContextMenuStrip CreateContextMenuOnTabClick()

2022.08.17 16:10:36.838 CreateNewTabPage
System.Windows.Forms.TabPage CreateNewTabPage(System.String)
123213.csv

2022.08.17 16:10:36.838 CreateUniqueName
System.String CreateUniqueName(System.String)
123213.csv

2022.08.17 16:10:36.841 ChangeProgramMenuAvailability
Void ChangeProgramMenuAvailability(Boolean)
True

2022.08.17 16:10:36.842 ChangeProgramMenuAvailability
Void ChangeProgramMenuAvailability(Boolean, TabInfo)
True, CSV_Redactor.Main_Form+TabInfo

2022.08.17 16:10:36.844 GenColumnNames
System.String[] GenColumnNames(System.String[])
[Empty]

2022.08.17 16:10:36.849 ColumnCountBox_TextChanged
Void ColumnCountBox_TextChanged(System.Object, System.EventArgs)
1

2022.08.17 16:10:36.852 ChangeFormElementsVisibility
Void ChangeFormElementsVisibility(Boolean)
True

2022.08.17 16:10:36.856 ChangeProgramMenuAvailability
Void ChangeProgramMenuAvailability(Boolean, TabInfo)
True, CSV_Redactor.Main_Form+TabInfo

2022.08.17 16:10:36.857 WriteData
Void WriteData(System.Windows.Forms.DataGridView, System.Collections.Generic.List`1[System.Object], Int32)
[Column, 1], 1

2022.08.17 16:10:36.859 <WriteData>g__AddWithEmptyRows|13_1
Void <WriteData>g__AddWithEmptyRows|13_1(<>c__DisplayClass13_0 ByRef, <>c__DisplayClass13_1 ByRef)

2022.08.17 16:10:36.860 ChangeStretchDataGridView
Void ChangeStretchDataGridView(System.Windows.Forms.DataGridView, Boolean)
True

2022.08.17 16:10:37.376 ShowAsTable_Click
Void ShowAsTable_Click(System.Object, System.EventArgs)

2022.08.17 16:10:37.378 WriteData
Void WriteData(System.Windows.Forms.RichTextBox, System.Collections.Generic.List`1[System.Object], Int32)
[Column, 1], 1

2022.08.17 16:10:37.379 <WriteData>g__AddRows|12_0
System.String <WriteData>g__AddRows|12_0(Int32, Int32, System.Object[], TabInfo)
1, 1, [Column, 1], CSV_Redactor.Main_Form+TabInfo

2022.08.17 16:10:37.388 ChangeStretchDataGridView
Void ChangeStretchDataGridView(System.Windows.Forms.DataGridView, Boolean)
True

2022.08.17 16:10:41.335 ShowAsTable_Click
Void ShowAsTable_Click(System.Object, System.EventArgs)

2022.08.17 16:10:41.336 ReadData
System.Collections.Generic.List`1[System.Object] ReadData(System.Windows.Forms.RichTextBox)

2022.08.17 16:10:41.356 GenColumnNames
System.String[] GenColumnNames(System.String[])
[L3fSLVLl5RDeKArWQhtN, pWiiDYvJvcmZL0XRalNR, g2QvbtpMSaNe2upvsXEW, b6aAmbo9EKB8dAeAETcj, 50ByrLlE9ZDBeaq5PJRB]

2022.08.17 16:10:41.369 ColumnCountBox_TextChanged
Void ColumnCountBox_TextChanged(System.Object, System.EventArgs)
5

Первый 103
2022.08.17 16:10:41.440 ReadData1
System.Collections.Generic.List`1[System.Object] ReadData1(System.Windows.Forms.RichTextBox)

2022.08.17 16:10:41.458 GenColumnNames
System.String[] GenColumnNames(System.String[])
[L3fSLVLl5RDeKArWQhtN, pWiiDYvJvcmZL0XRalNR, g2QvbtpMSaNe2upvsXEW, b6aAmbo9EKB8dAeAETcj, 50ByrLlE9ZDBeaq5PJRB]

Первый (улучшенный) 59
2022.08.17 16:10:41.500 ReadData2
System.Collections.Generic.List`1[System.Object] ReadData2(System.Windows.Forms.RichTextBox)

2022.08.17 16:12:22.948 GenColumnNames
System.String[] GenColumnNames(System.String[])
[L3fSLVLl5RDeKArWQhtN,  pWiiDYvJvcmZL0XRalNR,  g2QvbtpMSaNe2upvsXEW,  b6aAmbo9EKB8dAeAETcj,  50ByrLlE9ZDBeaq5PJRB]

Второй 166232
