2022.08.17 16:18:07.566 FillActionsBar
Void FillActionsBar()

2022.08.17 16:18:07.584 AddEventHandlersToFormComponents
Void AddEventHandlersToFormComponents()

2022.08.17 16:18:07.585 AddImageListToTabs
Void AddImageListToTabs()

2022.08.17 16:18:07.590 Выполнен запуск программы

2022.08.17 16:18:08.968 CreateFile_Click
Void CreateFile_Click(System.Object, System.EventArgs)

2022.08.17 16:18:08.969 <CreateFile_Click>g__ShowCreationNewFileWindow|33_0
System.Windows.Forms.DialogResult <CreateFile_Click>g__ShowCreationNewFileWindow|33_0(System.String ByRef)

2022.08.17 16:18:17.328 CreateContextMenuOnRowClick
System.Windows.Forms.ContextMenuStrip CreateContextMenuOnRowClick()

2022.08.17 16:18:17.330 CreateContextMenuOnNewRowClick
System.Windows.Forms.ContextMenuStrip CreateContextMenuOnNewRowClick()

2022.08.17 16:18:17.331 CreateContextMenuOnHeaderClick
System.Windows.Forms.ContextMenuStrip CreateContextMenuOnHeaderClick()

2022.08.17 16:18:17.334 CreateContextMenuOnTabClick
System.Windows.Forms.ContextMenuStrip CreateContextMenuOnTabClick()

2022.08.17 16:18:17.336 CreateNewTabPage
System.Windows.Forms.TabPage CreateNewTabPage(System.String)
1212323.csv

2022.08.17 16:18:17.337 CreateUniqueName
System.String CreateUniqueName(System.String)
1212323.csv

2022.08.17 16:18:17.339 ChangeProgramMenuAvailability
Void ChangeProgramMenuAvailability(Boolean)
True

2022.08.17 16:18:17.341 ChangeProgramMenuAvailability
Void ChangeProgramMenuAvailability(Boolean, TabInfo)
True, CSV_Redactor.Main_Form+TabInfo

2022.08.17 16:18:17.342 GenColumnNames
System.String[] GenColumnNames(System.String[])
[Empty]

2022.08.17 16:18:17.346 ColumnCountBox_TextChanged
Void ColumnCountBox_TextChanged(System.Object, System.EventArgs)
1

2022.08.17 16:18:17.349 ChangeFormElementsVisibility
Void ChangeFormElementsVisibility(Boolean)
True

2022.08.17 16:18:17.353 ChangeProgramMenuAvailability
Void ChangeProgramMenuAvailability(Boolean, TabInfo)
True, CSV_Redactor.Main_Form+TabInfo

2022.08.17 16:18:17.355 WriteData
Void WriteData(System.Windows.Forms.DataGridView, System.Collections.Generic.List`1[System.Object], Int32)
[Column, 1], 1

2022.08.17 16:18:17.356 <WriteData>g__AddWithEmptyRows|13_1
Void <WriteData>g__AddWithEmptyRows|13_1(<>c__DisplayClass13_0 ByRef, <>c__DisplayClass13_1 ByRef)

2022.08.17 16:18:17.357 ChangeStretchDataGridView
Void ChangeStretchDataGridView(System.Windows.Forms.DataGridView, Boolean)
True

2022.08.17 16:18:17.936 ShowAsTable_Click
Void ShowAsTable_Click(System.Object, System.EventArgs)

2022.08.17 16:18:17.938 WriteData
Void WriteData(System.Windows.Forms.RichTextBox, System.Collections.Generic.List`1[System.Object], Int32)
[Column, 1], 1

2022.08.17 16:18:17.939 <WriteData>g__AddRows|12_0
System.String <WriteData>g__AddRows|12_0(Int32, Int32, System.Object[], TabInfo)
1, 1, [Column, 1], CSV_Redactor.Main_Form+TabInfo

2022.08.17 16:18:17.947 ChangeStretchDataGridView
Void ChangeStretchDataGridView(System.Windows.Forms.DataGridView, Boolean)
True

2022.08.17 16:18:24.887 ShowAsTable_Click
Void ShowAsTable_Click(System.Object, System.EventArgs)

2022.08.17 16:18:24.889 ReadData
System.Collections.Generic.List`1[System.Object] ReadData(System.Windows.Forms.RichTextBox)

2022.08.17 16:18:25.156 GenColumnNames
System.String[] GenColumnNames(System.String[])
[Column, Column-2, Column-3, Column-4, Column-5]

2022.08.17 16:18:25.356 ColumnCountBox_TextChanged
Void ColumnCountBox_TextChanged(System.Object, System.EventArgs)
5

Первый 1335
2022.08.17 16:18:26.225 ReadData1
System.Collections.Generic.List`1[System.Object] ReadData1(System.Windows.Forms.RichTextBox)

2022.08.17 16:18:26.728 GenColumnNames
System.String[] GenColumnNames(System.String[])
[Column, Column-2, Column-3, Column-4, Column-5]

Первый (улучшенный) 1218
2022.08.17 16:18:27.443 ReadData2
System.Collections.Generic.List`1[System.Object] ReadData2(System.Windows.Forms.RichTextBox)

2022.08.17 16:18:28.112 GenColumnNames
System.String[] GenColumnNames(System.String[])
[Column,  Column-2,  Column-3,  Column-4,  Column-5]

Второй 1461
