2022.08.17 16:14:34.574 FillActionsBar
Void FillActionsBar()

2022.08.17 16:14:34.588 AddEventHandlersToFormComponents
Void AddEventHandlersToFormComponents()

2022.08.17 16:14:34.589 AddImageListToTabs
Void AddImageListToTabs()

2022.08.17 16:14:34.593 Выполнен запуск программы

2022.08.17 16:14:40.900 CreateFile_Click
Void CreateFile_Click(System.Object, System.EventArgs)

2022.08.17 16:14:40.904 <CreateFile_Click>g__ShowCreationNewFileWindow|33_0
System.Windows.Forms.DialogResult <CreateFile_Click>g__ShowCreationNewFileWindow|33_0(System.String ByRef)

2022.08.17 16:14:41.393 CreateContextMenuOnRowClick
System.Windows.Forms.ContextMenuStrip CreateContextMenuOnRowClick()

2022.08.17 16:14:41.395 CreateContextMenuOnNewRowClick
System.Windows.Forms.ContextMenuStrip CreateContextMenuOnNewRowClick()

2022.08.17 16:14:41.397 CreateContextMenuOnHeaderClick
System.Windows.Forms.ContextMenuStrip CreateContextMenuOnHeaderClick()

2022.08.17 16:14:41.399 CreateContextMenuOnTabClick
System.Windows.Forms.ContextMenuStrip CreateContextMenuOnTabClick()

2022.08.17 16:14:41.401 CreateNewTabPage
System.Windows.Forms.TabPage CreateNewTabPage(System.String)
New File.csv

2022.08.17 16:14:41.401 CreateUniqueName
System.String CreateUniqueName(System.String)
New File.csv

2022.08.17 16:14:41.404 ChangeProgramMenuAvailability
Void ChangeProgramMenuAvailability(Boolean)
True

2022.08.17 16:14:41.406 ChangeProgramMenuAvailability
Void ChangeProgramMenuAvailability(Boolean, TabInfo)
True, CSV_Redactor.Main_Form+TabInfo

2022.08.17 16:14:41.407 GenColumnNames
System.String[] GenColumnNames(System.String[])
[Empty]

2022.08.17 16:14:41.413 ColumnCountBox_TextChanged
Void ColumnCountBox_TextChanged(System.Object, System.EventArgs)
1

2022.08.17 16:14:41.416 ChangeFormElementsVisibility
Void ChangeFormElementsVisibility(Boolean)
True

2022.08.17 16:14:41.421 ChangeProgramMenuAvailability
Void ChangeProgramMenuAvailability(Boolean, TabInfo)
True, CSV_Redactor.Main_Form+TabInfo

2022.08.17 16:14:41.422 WriteData
Void WriteData(System.Windows.Forms.DataGridView, System.Collections.Generic.List`1[System.Object], Int32)
[Column, 1], 1

2022.08.17 16:14:41.424 <WriteData>g__AddWithEmptyRows|13_1
Void <WriteData>g__AddWithEmptyRows|13_1(<>c__DisplayClass13_0 ByRef, <>c__DisplayClass13_1 ByRef)

2022.08.17 16:14:41.425 ChangeStretchDataGridView
Void ChangeStretchDataGridView(System.Windows.Forms.DataGridView, Boolean)
True

2022.08.17 16:14:42.167 ShowAsTable_Click
Void ShowAsTable_Click(System.Object, System.EventArgs)

2022.08.17 16:14:42.169 WriteData
Void WriteData(System.Windows.Forms.RichTextBox, System.Collections.Generic.List`1[System.Object], Int32)
[Column, 1], 1

2022.08.17 16:14:42.170 <WriteData>g__AddRows|12_0
System.String <WriteData>g__AddRows|12_0(Int32, Int32, System.Object[], TabInfo)
1, 1, [Column, 1], CSV_Redactor.Main_Form+TabInfo

2022.08.17 16:14:42.177 ChangeStretchDataGridView
Void ChangeStretchDataGridView(System.Windows.Forms.DataGridView, Boolean)
True

2022.08.17 16:14:48.295 ShowAsTable_Click
Void ShowAsTable_Click(System.Object, System.EventArgs)

2022.08.17 16:14:48.296 ReadData
System.Collections.Generic.List`1[System.Object] ReadData(System.Windows.Forms.RichTextBox)

2022.08.17 16:14:48.521 GenColumnNames
System.String[] GenColumnNames(System.String[])
[Column, Column-2, Column-3, Column-4, Column-5]

2022.08.17 16:14:48.730 ColumnCountBox_TextChanged
Void ColumnCountBox_TextChanged(System.Object, System.EventArgs)
5

Первый 1252
2022.08.17 16:14:49.549 ReadData1
System.Collections.Generic.List`1[System.Object] ReadData1(System.Windows.Forms.RichTextBox)

2022.08.17 16:14:49.843 GenColumnNames
System.String[] GenColumnNames(System.String[])
[Column, Column-2, Column-3, Column-4, Column-5]

Первый (улучшенный) 902
2022.08.17 16:14:50.452 ReadData2
System.Collections.Generic.List`1[System.Object] ReadData2(System.Windows.Forms.RichTextBox)

2022.08.17 16:14:50.872 GenColumnNames
System.String[] GenColumnNames(System.String[])
[Column,  Column-2,  Column-3,  Column-4,  Column-5]

Второй 1079
